2019-10-28 23:08:09 ERROR [rk.boot.diagnostics.LoggingFailureAnalysisReporter] : 

***************************
APPLICATION FAILED TO START
***************************

Description:

A component required a bean of type 'com.tensquare.base.dao.TbLabelMapper' that could not be found.


Action:

Consider defining a bean of type 'com.tensquare.base.dao.TbLabelMapper' in your configuration.

2019-10-28 23:09:43 ERROR [rk.boot.diagnostics.LoggingFailureAnalysisReporter] : 

***************************
APPLICATION FAILED TO START
***************************

Description:

A component required a bean of type 'com.tensquare.base.dao.TbLabelMapper' that could not be found.


Action:

Consider defining a bean of type 'com.tensquare.base.dao.TbLabelMapper' in your configuration.

2019-10-28 23:11:13 ERROR [rk.boot.diagnostics.LoggingFailureAnalysisReporter] : 

***************************
APPLICATION FAILED TO START
***************************

Description:

A component required a bean of type 'com.tensquare.base.dao.TbLabelMapper' that could not be found.


Action:

Consider defining a bean of type 'com.tensquare.base.dao.TbLabelMapper' in your configuration.

2019-10-28 23:14:40 ERROR [rk.boot.diagnostics.LoggingFailureAnalysisReporter] : 

***************************
APPLICATION FAILED TO START
***************************

Description:

A component required a bean of type 'com.tensquare.base.dao.TbLabelMapper' that could not be found.


Action:

Consider defining a bean of type 'com.tensquare.base.dao.TbLabelMapper' in your configuration.

2019-10-28 23:16:54 ERROR [rk.boot.diagnostics.LoggingFailureAnalysisReporter] : 

***************************
APPLICATION FAILED TO START
***************************

Description:

A component required a bean of type 'com.tensquare.base.dao.TbLabelMapper' that could not be found.


Action:

Consider defining a bean of type 'com.tensquare.base.dao.TbLabelMapper' in your configuration.

2019-10-28 23:23:33 ERROR [rk.boot.diagnostics.LoggingFailureAnalysisReporter] : 

***************************
APPLICATION FAILED TO START
***************************

Description:

The bean 'ILableDao', defined in null, could not be registered. A bean with that name has already been defined in file [E:\bigmi\tensquare_parent\tensquare_base\target\classes\com\tensquare\base\dao\ILableDao.class] and overriding is disabled.

Action:

Consider renaming one of the beans or enabling overriding by setting spring.main.allow-bean-definition-overriding=true

