2019-11-01 22:57:40 [main] INFO  [org.springframework.boot.StartupInfoLogger        ] : Starting RecruitApplication on guass-vw6700 with PID 264 (E:\bigmi\tensquare_parent\tensquare_recruit\target\classes started by guass in E:\bigmi\tensquare_parent)
2019-11-01 22:57:40 [main] INFO  [org.springframework.boot.SpringApplication        ] : No active profile set, falling back to default profiles: default
2019-11-01 22:57:41 [main] INFO  [framework.boot.web.embedded.tomcat.TomcatWebServer] : Tomcat initialized with port(s): 9003 (http)
2019-11-01 22:57:41 [main] INFO  [org.apache.juli.logging.DirectJDKLog              ] : Starting service [Tomcat]
2019-11-01 22:57:41 [main] INFO  [org.apache.juli.logging.DirectJDKLog              ] : Starting Servlet engine: [Apache Tomcat/9.0.22]
2019-11-01 22:57:41 [main] INFO  [org.apache.juli.logging.DirectJDKLog              ] : Initializing Spring embedded WebApplicationContext
2019-11-01 22:57:41 [main] INFO  [servlet.context.ServletWebServerApplicationContext] : Root WebApplicationContext: initialization completed in 1127 ms
2019-11-01 22:57:42 [main] INFO  [scheduling.concurrent.ExecutorConfigurationSupport] : Initializing ExecutorService 'applicationTaskExecutor'
2019-11-01 22:57:42 [main] INFO  [framework.boot.web.embedded.tomcat.TomcatWebServer] : Tomcat started on port(s): 9003 (http) with context path ''
2019-11-01 22:57:42 [main] INFO  [org.springframework.boot.StartupInfoLogger        ] : Started RecruitApplication in 2.966 seconds (JVM running for 4.286)
2019-11-01 22:58:17 [http-nio-9003-exec-1] INFO  [org.apache.juli.logging.DirectJDKLog              ] : Initializing Spring DispatcherServlet 'dispatcherServlet'
2019-11-01 22:58:17 [http-nio-9003-exec-1] INFO  [org.springframework.web.servlet.FrameworkServlet  ] : Initializing Servlet 'dispatcherServlet'
2019-11-01 22:58:17 [http-nio-9003-exec-1] INFO  [org.springframework.web.servlet.FrameworkServlet  ] : Completed initialization in 7 ms
2019-11-01 22:58:18 [http-nio-9003-exec-1] INFO  [com.alibaba.druid.pool.DruidDataSource            ] : {dataSource-1} inited
2019-11-01 23:11:19 [main] INFO  [org.springframework.boot.StartupInfoLogger        ] : Starting BaseApplication on guass-vw6700 with PID 14820 (E:\bigmi\tensquare_parent\tensquare_base\target\classes started by guass in E:\bigmi\tensquare_parent)
2019-11-01 23:11:19 [main] INFO  [org.springframework.boot.SpringApplication        ] : No active profile set, falling back to default profiles: default
2019-11-01 23:11:20 [main] INFO  [framework.boot.web.embedded.tomcat.TomcatWebServer] : Tomcat initialized with port(s): 9002 (http)
2019-11-01 23:11:20 [main] INFO  [org.apache.juli.logging.DirectJDKLog              ] : Starting service [Tomcat]
2019-11-01 23:11:20 [main] INFO  [org.apache.juli.logging.DirectJDKLog              ] : Starting Servlet engine: [Apache Tomcat/9.0.22]
2019-11-01 23:11:20 [main] INFO  [org.apache.juli.logging.DirectJDKLog              ] : Initializing Spring embedded WebApplicationContext
2019-11-01 23:11:20 [main] INFO  [servlet.context.ServletWebServerApplicationContext] : Root WebApplicationContext: initialization completed in 1342 ms
2019-11-01 23:11:21 [main] INFO  [scheduling.concurrent.ExecutorConfigurationSupport] : Initializing ExecutorService 'applicationTaskExecutor'
2019-11-01 23:11:21 [main] INFO  [framework.boot.web.embedded.tomcat.TomcatWebServer] : Tomcat started on port(s): 9002 (http) with context path ''
2019-11-01 23:11:21 [main] INFO  [org.springframework.boot.StartupInfoLogger        ] : Started BaseApplication in 3.344 seconds (JVM running for 4.464)
2019-11-01 23:11:42 [Thread-9] INFO  [scheduling.concurrent.ExecutorConfigurationSupport] : Shutting down ExecutorService 'applicationTaskExecutor'
