2019-10-29 23:25:59 [main] INFO  [org.springframework.boot.StartupInfoLogger        ] : Starting BaseApplication on guass-vw6700 with PID 17996 (E:\bigmi\tensquare_parent\tensquare_base\target\classes started by guass in E:\bigmi\tensquare_parent)
2019-10-29 23:25:59 [main] INFO  [org.springframework.boot.SpringApplication        ] : No active profile set, falling back to default profiles: default
2019-10-29 23:26:01 [main] INFO  [framework.boot.web.embedded.tomcat.TomcatWebServer] : Tomcat initialized with port(s): 9001 (http)
2019-10-29 23:26:01 [main] INFO  [org.apache.juli.logging.DirectJDKLog              ] : Starting service [Tomcat]
2019-10-29 23:26:01 [main] INFO  [org.apache.juli.logging.DirectJDKLog              ] : Starting Servlet engine: [Apache Tomcat/9.0.22]
2019-10-29 23:26:01 [main] INFO  [org.apache.juli.logging.DirectJDKLog              ] : Initializing Spring embedded WebApplicationContext
2019-10-29 23:26:01 [main] INFO  [servlet.context.ServletWebServerApplicationContext] : Root WebApplicationContext: initialization completed in 1258 ms
2019-10-29 23:26:02 [main] INFO  [scheduling.concurrent.ExecutorConfigurationSupport] : Initializing ExecutorService 'applicationTaskExecutor'
2019-10-29 23:26:02 [main] INFO  [org.apache.juli.logging.DirectJDKLog              ] : Stopping service [Tomcat]
2019-10-29 23:26:02 [main] INFO  [e.logging.ConditionEvaluationReportLoggingListener] : 

Error starting ApplicationContext. To display the conditions report re-run your application with 'debug' enabled.
2019-10-29 23:26:02 [main] INFO  [scheduling.concurrent.ExecutorConfigurationSupport] : Shutting down ExecutorService 'applicationTaskExecutor'
2019-10-29 23:27:00 [main] INFO  [org.springframework.boot.StartupInfoLogger        ] : Starting BaseApplication on guass-vw6700 with PID 19544 (E:\bigmi\tensquare_parent\tensquare_base\target\classes started by guass in E:\bigmi\tensquare_parent)
2019-10-29 23:27:00 [main] INFO  [org.springframework.boot.SpringApplication        ] : No active profile set, falling back to default profiles: default
2019-10-29 23:27:01 [main] INFO  [framework.boot.web.embedded.tomcat.TomcatWebServer] : Tomcat initialized with port(s): 9002 (http)
2019-10-29 23:27:01 [main] INFO  [org.apache.juli.logging.DirectJDKLog              ] : Starting service [Tomcat]
2019-10-29 23:27:01 [main] INFO  [org.apache.juli.logging.DirectJDKLog              ] : Starting Servlet engine: [Apache Tomcat/9.0.22]
2019-10-29 23:27:02 [main] INFO  [org.apache.juli.logging.DirectJDKLog              ] : Initializing Spring embedded WebApplicationContext
2019-10-29 23:27:02 [main] INFO  [servlet.context.ServletWebServerApplicationContext] : Root WebApplicationContext: initialization completed in 1402 ms
2019-10-29 23:27:02 [main] INFO  [scheduling.concurrent.ExecutorConfigurationSupport] : Initializing ExecutorService 'applicationTaskExecutor'
2019-10-29 23:27:03 [main] INFO  [framework.boot.web.embedded.tomcat.TomcatWebServer] : Tomcat started on port(s): 9002 (http) with context path ''
2019-10-29 23:27:03 [main] INFO  [org.springframework.boot.StartupInfoLogger        ] : Started BaseApplication in 3.48 seconds (JVM running for 4.666)
2019-10-29 23:27:55 [http-nio-9002-exec-1] INFO  [org.apache.juli.logging.DirectJDKLog              ] : Initializing Spring DispatcherServlet 'dispatcherServlet'
2019-10-29 23:27:55 [http-nio-9002-exec-1] INFO  [org.springframework.web.servlet.FrameworkServlet  ] : Initializing Servlet 'dispatcherServlet'
2019-10-29 23:27:55 [http-nio-9002-exec-1] INFO  [org.springframework.web.servlet.FrameworkServlet  ] : Completed initialization in 7 ms
2019-10-29 23:29:02 [Thread-10] INFO  [scheduling.concurrent.ExecutorConfigurationSupport] : Shutting down ExecutorService 'applicationTaskExecutor'
2019-10-29 23:31:43 [main] INFO  [org.springframework.boot.StartupInfoLogger        ] : Starting BaseApplication on guass-vw6700 with PID 12580 (E:\bigmi\tensquare_parent\tensquare_base\target\classes started by guass in E:\bigmi\tensquare_parent)
2019-10-29 23:31:43 [main] INFO  [org.springframework.boot.SpringApplication        ] : No active profile set, falling back to default profiles: default
2019-10-29 23:31:44 [main] INFO  [framework.boot.web.embedded.tomcat.TomcatWebServer] : Tomcat initialized with port(s): 9002 (http)
2019-10-29 23:31:44 [main] INFO  [org.apache.juli.logging.DirectJDKLog              ] : Starting service [Tomcat]
2019-10-29 23:31:44 [main] INFO  [org.apache.juli.logging.DirectJDKLog              ] : Starting Servlet engine: [Apache Tomcat/9.0.22]
2019-10-29 23:31:44 [main] INFO  [org.apache.juli.logging.DirectJDKLog              ] : Initializing Spring embedded WebApplicationContext
2019-10-29 23:31:44 [main] INFO  [servlet.context.ServletWebServerApplicationContext] : Root WebApplicationContext: initialization completed in 1410 ms
2019-10-29 23:31:45 [main] INFO  [scheduling.concurrent.ExecutorConfigurationSupport] : Initializing ExecutorService 'applicationTaskExecutor'
2019-10-29 23:31:46 [main] INFO  [framework.boot.web.embedded.tomcat.TomcatWebServer] : Tomcat started on port(s): 9002 (http) with context path ''
2019-10-29 23:31:46 [main] INFO  [org.springframework.boot.StartupInfoLogger        ] : Started BaseApplication in 3.736 seconds (JVM running for 5.742)
2019-10-29 23:31:54 [http-nio-9002-exec-1] INFO  [org.apache.juli.logging.DirectJDKLog              ] : Initializing Spring DispatcherServlet 'dispatcherServlet'
2019-10-29 23:31:54 [http-nio-9002-exec-1] INFO  [org.springframework.web.servlet.FrameworkServlet  ] : Initializing Servlet 'dispatcherServlet'
2019-10-29 23:31:54 [http-nio-9002-exec-1] INFO  [org.springframework.web.servlet.FrameworkServlet  ] : Completed initialization in 8 ms
2019-10-29 23:32:15 [http-nio-9002-exec-1] INFO  [com.alibaba.druid.pool.DruidDataSource            ] : {dataSource-1} inited
2019-10-29 23:34:01 [http-nio-9002-exec-4] WARN  [com.alibaba.druid.pool.DruidDataSource            ] : get connection timeout retry : 1
2019-10-29 23:39:53 [Thread-10] INFO  [scheduling.concurrent.ExecutorConfigurationSupport] : Shutting down ExecutorService 'applicationTaskExecutor'
2019-10-29 23:39:53 [Thread-10] INFO  [com.alibaba.druid.pool.DruidDataSource            ] : {dataSource-1} closed
2019-10-29 23:39:57 [main] INFO  [org.springframework.boot.StartupInfoLogger        ] : Starting BaseApplication on guass-vw6700 with PID 6796 (E:\bigmi\tensquare_parent\tensquare_base\target\classes started by guass in E:\bigmi\tensquare_parent)
2019-10-29 23:39:57 [main] INFO  [org.springframework.boot.SpringApplication        ] : No active profile set, falling back to default profiles: default
2019-10-29 23:39:58 [main] INFO  [framework.boot.web.embedded.tomcat.TomcatWebServer] : Tomcat initialized with port(s): 9002 (http)
2019-10-29 23:39:58 [main] INFO  [org.apache.juli.logging.DirectJDKLog              ] : Starting service [Tomcat]
2019-10-29 23:39:58 [main] INFO  [org.apache.juli.logging.DirectJDKLog              ] : Starting Servlet engine: [Apache Tomcat/9.0.22]
2019-10-29 23:39:58 [main] INFO  [org.apache.juli.logging.DirectJDKLog              ] : Initializing Spring embedded WebApplicationContext
2019-10-29 23:39:58 [main] INFO  [servlet.context.ServletWebServerApplicationContext] : Root WebApplicationContext: initialization completed in 1206 ms
2019-10-29 23:39:59 [main] INFO  [scheduling.concurrent.ExecutorConfigurationSupport] : Initializing ExecutorService 'applicationTaskExecutor'
2019-10-29 23:39:59 [main] INFO  [framework.boot.web.embedded.tomcat.TomcatWebServer] : Tomcat started on port(s): 9002 (http) with context path ''
2019-10-29 23:39:59 [main] INFO  [org.springframework.boot.StartupInfoLogger        ] : Started BaseApplication in 2.99 seconds (JVM running for 3.986)
2019-10-29 23:40:06 [http-nio-9002-exec-2] INFO  [org.apache.juli.logging.DirectJDKLog              ] : Initializing Spring DispatcherServlet 'dispatcherServlet'
2019-10-29 23:40:06 [http-nio-9002-exec-2] INFO  [org.springframework.web.servlet.FrameworkServlet  ] : Initializing Servlet 'dispatcherServlet'
2019-10-29 23:40:06 [http-nio-9002-exec-2] INFO  [org.springframework.web.servlet.FrameworkServlet  ] : Completed initialization in 6 ms
2019-10-29 23:40:06 [http-nio-9002-exec-2] INFO  [com.alibaba.druid.pool.DruidDataSource            ] : {dataSource-1} inited
2019-10-29 23:41:58 [main] INFO  [org.springframework.boot.StartupInfoLogger        ] : Starting BaseApplication on guass-vw6700 with PID 4584 (E:\bigmi\tensquare_parent\tensquare_base\target\classes started by guass in E:\bigmi\tensquare_parent)
2019-10-29 23:41:58 [main] INFO  [org.springframework.boot.SpringApplication        ] : No active profile set, falling back to default profiles: default
2019-10-29 23:41:59 [main] INFO  [framework.boot.web.embedded.tomcat.TomcatWebServer] : Tomcat initialized with port(s): 9002 (http)
2019-10-29 23:41:59 [main] INFO  [org.apache.juli.logging.DirectJDKLog              ] : Starting service [Tomcat]
2019-10-29 23:41:59 [main] INFO  [org.apache.juli.logging.DirectJDKLog              ] : Starting Servlet engine: [Apache Tomcat/9.0.22]
2019-10-29 23:42:00 [main] INFO  [org.apache.juli.logging.DirectJDKLog              ] : Initializing Spring embedded WebApplicationContext
2019-10-29 23:42:00 [main] INFO  [servlet.context.ServletWebServerApplicationContext] : Root WebApplicationContext: initialization completed in 1326 ms
2019-10-29 23:42:00 [main] INFO  [scheduling.concurrent.ExecutorConfigurationSupport] : Initializing ExecutorService 'applicationTaskExecutor'
2019-10-29 23:42:01 [main] INFO  [framework.boot.web.embedded.tomcat.TomcatWebServer] : Tomcat started on port(s): 9002 (http) with context path ''
2019-10-29 23:42:01 [main] INFO  [org.springframework.boot.StartupInfoLogger        ] : Started BaseApplication in 3.36 seconds (JVM running for 4.548)
2019-10-29 23:42:09 [http-nio-9002-exec-3] INFO  [org.apache.juli.logging.DirectJDKLog              ] : Initializing Spring DispatcherServlet 'dispatcherServlet'
2019-10-29 23:42:09 [http-nio-9002-exec-3] INFO  [org.springframework.web.servlet.FrameworkServlet  ] : Initializing Servlet 'dispatcherServlet'
2019-10-29 23:42:09 [http-nio-9002-exec-3] INFO  [org.springframework.web.servlet.FrameworkServlet  ] : Completed initialization in 9 ms
2019-10-29 23:42:10 [http-nio-9002-exec-3] INFO  [com.alibaba.druid.pool.DruidDataSource            ] : {dataSource-1} inited
2019-10-29 23:42:10 [http-nio-9002-exec-3] DEBUG [org.apache.ibatis.logging.jdbc.BaseJdbcLogger     ] : ==>  Preparing: select id, labelname, state, count, recommend, fans from tb_label where id = ? 
2019-10-29 23:42:10 [http-nio-9002-exec-3] DEBUG [org.apache.ibatis.logging.jdbc.BaseJdbcLogger     ] : ==> Parameters: 11887645442315632645555(String)
2019-10-29 23:42:10 [http-nio-9002-exec-3] DEBUG [org.apache.ibatis.logging.jdbc.BaseJdbcLogger     ] : <==      Total: 0
2019-10-29 23:43:15 [http-nio-9002-exec-5] DEBUG [org.apache.ibatis.logging.jdbc.BaseJdbcLogger     ] : ==>  Preparing: SELECT count(0) FROM tb_label 
2019-10-29 23:43:15 [http-nio-9002-exec-5] DEBUG [org.apache.ibatis.logging.jdbc.BaseJdbcLogger     ] : ==> Parameters: 
2019-10-29 23:43:15 [http-nio-9002-exec-5] DEBUG [org.apache.ibatis.logging.jdbc.BaseJdbcLogger     ] : <==      Total: 1
2019-10-29 23:43:15 [http-nio-9002-exec-5] DEBUG [org.apache.ibatis.logging.jdbc.BaseJdbcLogger     ] : ==>  Preparing: select id, labelname, state, count, recommend, fans from tb_label LIMIT ? 
2019-10-29 23:43:15 [http-nio-9002-exec-5] DEBUG [org.apache.ibatis.logging.jdbc.BaseJdbcLogger     ] : ==> Parameters: 1(Integer)
2019-10-29 23:43:15 [http-nio-9002-exec-5] DEBUG [org.apache.ibatis.logging.jdbc.BaseJdbcLogger     ] : <==      Total: 1
2019-10-29 23:43:43 [http-nio-9002-exec-6] DEBUG [org.apache.ibatis.logging.jdbc.BaseJdbcLogger     ] : ==>  Preparing: SELECT count(0) FROM tb_label 
2019-10-29 23:43:43 [http-nio-9002-exec-6] DEBUG [org.apache.ibatis.logging.jdbc.BaseJdbcLogger     ] : ==> Parameters: 
2019-10-29 23:43:43 [http-nio-9002-exec-6] DEBUG [org.apache.ibatis.logging.jdbc.BaseJdbcLogger     ] : <==      Total: 1
2019-10-29 23:43:43 [http-nio-9002-exec-6] DEBUG [org.apache.ibatis.logging.jdbc.BaseJdbcLogger     ] : ==>  Preparing: select id, labelname, state, count, recommend, fans from tb_label LIMIT ? 
2019-10-29 23:43:43 [http-nio-9002-exec-6] DEBUG [org.apache.ibatis.logging.jdbc.BaseJdbcLogger     ] : ==> Parameters: 4(Integer)
2019-10-29 23:43:43 [http-nio-9002-exec-6] DEBUG [org.apache.ibatis.logging.jdbc.BaseJdbcLogger     ] : <==      Total: 4
2019-10-29 23:44:37 [http-nio-9002-exec-7] DEBUG [org.apache.ibatis.logging.jdbc.BaseJdbcLogger     ] : ==>  Preparing: SELECT count(0) FROM tb_label 
2019-10-29 23:44:37 [http-nio-9002-exec-7] DEBUG [org.apache.ibatis.logging.jdbc.BaseJdbcLogger     ] : ==> Parameters: 
2019-10-29 23:44:37 [http-nio-9002-exec-7] DEBUG [org.apache.ibatis.logging.jdbc.BaseJdbcLogger     ] : <==      Total: 1
2019-10-29 23:44:37 [http-nio-9002-exec-7] DEBUG [org.apache.ibatis.logging.jdbc.BaseJdbcLogger     ] : ==>  Preparing: select id, labelname, state, count, recommend, fans from tb_label LIMIT ? 
2019-10-29 23:44:37 [http-nio-9002-exec-7] DEBUG [org.apache.ibatis.logging.jdbc.BaseJdbcLogger     ] : ==> Parameters: 5(Integer)
2019-10-29 23:44:37 [http-nio-9002-exec-7] DEBUG [org.apache.ibatis.logging.jdbc.BaseJdbcLogger     ] : <==      Total: 5
2019-10-29 23:44:45 [http-nio-9002-exec-8] DEBUG [org.apache.ibatis.logging.jdbc.BaseJdbcLogger     ] : ==>  Preparing: SELECT count(0) FROM tb_label 
2019-10-29 23:44:45 [http-nio-9002-exec-8] DEBUG [org.apache.ibatis.logging.jdbc.BaseJdbcLogger     ] : ==> Parameters: 
2019-10-29 23:44:45 [http-nio-9002-exec-8] DEBUG [org.apache.ibatis.logging.jdbc.BaseJdbcLogger     ] : <==      Total: 1
2019-10-29 23:44:45 [http-nio-9002-exec-8] DEBUG [org.apache.ibatis.logging.jdbc.BaseJdbcLogger     ] : ==>  Preparing: select id, labelname, state, count, recommend, fans from tb_label LIMIT ? 
2019-10-29 23:44:45 [http-nio-9002-exec-8] DEBUG [org.apache.ibatis.logging.jdbc.BaseJdbcLogger     ] : ==> Parameters: 3(Integer)
2019-10-29 23:44:45 [http-nio-9002-exec-8] DEBUG [org.apache.ibatis.logging.jdbc.BaseJdbcLogger     ] : <==      Total: 3
2019-10-29 23:46:54 [Thread-10] INFO  [scheduling.concurrent.ExecutorConfigurationSupport] : Shutting down ExecutorService 'applicationTaskExecutor'
2019-10-29 23:46:54 [Thread-10] INFO  [com.alibaba.druid.pool.DruidDataSource            ] : {dataSource-1} closed
