2019-12-14 15:25:47 [main] INFO  [essorRegistrationDelegate$BeanPostProcessorChecker] : Bean 'org.springframework.cloud.autoconfigure.ConfigurationPropertiesRebinderAutoConfiguration' of type [org.springframework.cloud.autoconfigure.ConfigurationPropertiesRebinderAutoConfiguration$$EnhancerBySpringCGLIB$$28d12af6] is not eligible for getting processed by all BeanPostProcessors (for example: not eligible for auto-proxying)
2019-12-14 15:25:48 [main] INFO  [org.springframework.boot.SpringApplication        ] : No active profile set, falling back to default profiles: default
2019-12-14 15:25:50 [main] INFO  [.repository.config.RepositoryConfigurationDelegate] : Multiple Spring Data modules found, entering strict repository configuration mode!
2019-12-14 15:25:50 [main] INFO  [.repository.config.RepositoryConfigurationDelegate] : Bootstrapping Spring Data repositories in DEFAULT mode.
2019-12-14 15:25:50 [main] INFO  [.repository.config.RepositoryConfigurationDelegate] : Finished Spring Data repository scanning in 24ms. Found 0 repository interfaces.
2019-12-14 15:25:50 [main] INFO  [g.springframework.cloud.context.scope.GenericScope] : BeanFactory id=a05999aa-dc30-3223-8f4b-61665a50a512
2019-12-14 15:25:51 [main] INFO  [essorRegistrationDelegate$BeanPostProcessorChecker] : Bean 'org.springframework.transaction.annotation.ProxyTransactionManagementConfiguration' of type [org.springframework.transaction.annotation.ProxyTransactionManagementConfiguration$$EnhancerBySpringCGLIB$$cb727f9] is not eligible for getting processed by all BeanPostProcessors (for example: not eligible for auto-proxying)
2019-12-14 15:25:51 [main] INFO  [essorRegistrationDelegate$BeanPostProcessorChecker] : Bean 'org.springframework.cloud.autoconfigure.ConfigurationPropertiesRebinderAutoConfiguration' of type [org.springframework.cloud.autoconfigure.ConfigurationPropertiesRebinderAutoConfiguration$$EnhancerBySpringCGLIB$$28d12af6] is not eligible for getting processed by all BeanPostProcessors (for example: not eligible for auto-proxying)
2019-12-14 15:25:58 [main] INFO  [ng.web.PropertySourcedRequestMappingHandlerMapping] : Mapped URL path [/v2/api-docs] onto method [public org.springframework.http.ResponseEntity<springfox.documentation.spring.web.json.Json> springfox.documentation.swagger2.web.Swagger2Controller.getDocumentation(java.lang.String,javax.servlet.http.HttpServletRequest)]
2019-12-14 15:25:58 [main] INFO  [curity.servlet.UserDetailsServiceAutoConfiguration] : 

Using generated security password: f30a3979-2102-46ee-9562-63143641c671

2019-12-14 15:25:58 [main] INFO  [gframework.security.web.DefaultSecurityFilterChain] : Creating filter chain: any request, [org.springframework.security.web.context.request.async.WebAsyncManagerIntegrationFilter@565c887e, org.springframework.security.web.context.SecurityContextPersistenceFilter@5a3be84, org.springframework.security.web.header.HeaderWriterFilter@5c7e55a4, org.springframework.security.web.authentication.logout.LogoutFilter@18df26a1, org.springframework.security.web.savedrequest.RequestCacheAwareFilter@21f479cd, org.springframework.security.web.servletapi.SecurityContextHolderAwareRequestFilter@6167c42f, org.springframework.security.web.authentication.AnonymousAuthenticationFilter@5c215642, org.springframework.security.web.session.SessionManagementFilter@77d3c3d7, org.springframework.security.web.access.ExceptionTranslationFilter@55574295, org.springframework.security.web.access.intercept.FilterSecurityInterceptor@49fb693d]
2019-12-14 15:25:59 [main] WARN  [com.netflix.config.sources.URLConfigurationSource ] : No URLs will be polled as dynamic configuration sources.
2019-12-14 15:25:59 [main] INFO  [com.netflix.config.sources.URLConfigurationSource ] : To enable URLs as dynamic configuration sources, define System property archaius.configurationSource.additionalUrls or make config.properties available on classpath.
2019-12-14 15:25:59 [main] WARN  [com.netflix.config.sources.URLConfigurationSource ] : No URLs will be polled as dynamic configuration sources.
2019-12-14 15:25:59 [main] INFO  [com.netflix.config.sources.URLConfigurationSource ] : To enable URLs as dynamic configuration sources, define System property archaius.configurationSource.additionalUrls or make config.properties available on classpath.
2019-12-14 15:26:01 [main] INFO  [pring.web.plugins.DocumentationPluginsBootstrapper] : Context refreshed
2019-12-14 15:26:01 [main] INFO  [pring.web.plugins.DocumentationPluginsBootstrapper] : Found 1 custom documentation plugin(s)
2019-12-14 15:26:01 [main] INFO  [ion.spring.web.scanners.ApiListingReferenceScanner] : Scanning for api listing references
2019-12-14 15:26:02 [main] INFO  [eb.readers.operation.CachingOperationNameGenerator] : Generating unique operation named: loginUsingPOST_1
2019-12-14 15:26:02 [main] INFO  [k.amqp.rabbit.connection.AbstractConnectionFactory] : Attempting to connect to: [47.111.191.26:5672]
2019-12-14 15:26:02 [main] INFO  [k.amqp.rabbit.connection.AbstractConnectionFactory] : Created new connection: rabbitConnectionFactory#27b490de:0/SimpleConnection@10b7b5f0 [delegate=amqp://root@47.111.191.26:5672/my_vhost, localPort= 63824]
2019-12-14 15:26:02 [main] INFO  [org.springframework.boot.StartupInfoLogger        ] : Started UserTest in 17.133 seconds (JVM running for 19.726)
2019-12-14 15:26:03 [Thread-5] INFO  [framework.cloud.netflix.eureka.InstanceInfoFactory] : Setting initial instance status as: STARTING
2019-12-14 15:26:03 [Thread-5] INFO  [tflix.eureka.serviceregistry.EurekaServiceRegistry] : Unregistering application TENSQUARE-USER with eureka with status DOWN
2019-12-14 15:26:03 [Thread-5] INFO  [mqp.rabbit.listener.SimpleMessageListenerContainer] : Waiting for workers to finish.
2019-12-14 15:26:03 [Thread-5] INFO  [mqp.rabbit.listener.SimpleMessageListenerContainer] : Successfully waited for workers to finish.
2019-12-14 15:26:03 [Thread-5] INFO  [p.rabbit.listener.AbstractMessageListenerContainer] : Shutdown ignored - container is not active already
2019-12-14 15:26:03 [Thread-5] INFO  [ringframework.jmx.support.MBeanRegistrationSupport] : Could not unregister MBean [com.github.tobato.fastdfs.conn:name=fdfsConnectionPool,type=FdfsConnectionPool] as said MBean is not registered (perhaps already unregistered by an external process)
2019-12-14 15:37:00 [main] INFO  [essorRegistrationDelegate$BeanPostProcessorChecker] : Bean 'org.springframework.cloud.autoconfigure.ConfigurationPropertiesRebinderAutoConfiguration' of type [org.springframework.cloud.autoconfigure.ConfigurationPropertiesRebinderAutoConfiguration$$EnhancerBySpringCGLIB$$d628a127] is not eligible for getting processed by all BeanPostProcessors (for example: not eligible for auto-proxying)
2019-12-14 15:37:00 [main] INFO  [org.springframework.boot.SpringApplication        ] : No active profile set, falling back to default profiles: default
2019-12-14 15:37:02 [main] INFO  [.repository.config.RepositoryConfigurationDelegate] : Multiple Spring Data modules found, entering strict repository configuration mode!
2019-12-14 15:37:02 [main] INFO  [.repository.config.RepositoryConfigurationDelegate] : Bootstrapping Spring Data repositories in DEFAULT mode.
2019-12-14 15:37:02 [main] INFO  [.repository.config.RepositoryConfigurationDelegate] : Finished Spring Data repository scanning in 29ms. Found 0 repository interfaces.
2019-12-14 15:37:02 [main] INFO  [g.springframework.cloud.context.scope.GenericScope] : BeanFactory id=a05999aa-dc30-3223-8f4b-61665a50a512
2019-12-14 15:37:02 [main] INFO  [essorRegistrationDelegate$BeanPostProcessorChecker] : Bean 'org.springframework.transaction.annotation.ProxyTransactionManagementConfiguration' of type [org.springframework.transaction.annotation.ProxyTransactionManagementConfiguration$$EnhancerBySpringCGLIB$$ba0e9e2a] is not eligible for getting processed by all BeanPostProcessors (for example: not eligible for auto-proxying)
2019-12-14 15:37:03 [main] INFO  [essorRegistrationDelegate$BeanPostProcessorChecker] : Bean 'org.springframework.cloud.autoconfigure.ConfigurationPropertiesRebinderAutoConfiguration' of type [org.springframework.cloud.autoconfigure.ConfigurationPropertiesRebinderAutoConfiguration$$EnhancerBySpringCGLIB$$d628a127] is not eligible for getting processed by all BeanPostProcessors (for example: not eligible for auto-proxying)
2019-12-14 15:37:06 [main] INFO  [ng.web.PropertySourcedRequestMappingHandlerMapping] : Mapped URL path [/v2/api-docs] onto method [public org.springframework.http.ResponseEntity<springfox.documentation.spring.web.json.Json> springfox.documentation.swagger2.web.Swagger2Controller.getDocumentation(java.lang.String,javax.servlet.http.HttpServletRequest)]
2019-12-14 15:37:06 [main] INFO  [curity.servlet.UserDetailsServiceAutoConfiguration] : 

Using generated security password: 0f2643cf-8ea4-4552-9242-4bda4c41a0fe

2019-12-14 15:37:06 [main] INFO  [gframework.security.web.DefaultSecurityFilterChain] : Creating filter chain: any request, [org.springframework.security.web.context.request.async.WebAsyncManagerIntegrationFilter@6be2b567, org.springframework.security.web.context.SecurityContextPersistenceFilter@1ddc8fc, org.springframework.security.web.header.HeaderWriterFilter@6a0ee80, org.springframework.security.web.authentication.logout.LogoutFilter@25d23478, org.springframework.security.web.savedrequest.RequestCacheAwareFilter@1e288c76, org.springframework.security.web.servletapi.SecurityContextHolderAwareRequestFilter@ef220e4, org.springframework.security.web.authentication.AnonymousAuthenticationFilter@169d1f92, org.springframework.security.web.session.SessionManagementFilter@221961af, org.springframework.security.web.access.ExceptionTranslationFilter@4745bcc6, org.springframework.security.web.access.intercept.FilterSecurityInterceptor@1c681761]
2019-12-14 15:37:07 [main] WARN  [com.netflix.config.sources.URLConfigurationSource ] : No URLs will be polled as dynamic configuration sources.
2019-12-14 15:37:07 [main] INFO  [com.netflix.config.sources.URLConfigurationSource ] : To enable URLs as dynamic configuration sources, define System property archaius.configurationSource.additionalUrls or make config.properties available on classpath.
2019-12-14 15:37:07 [main] WARN  [com.netflix.config.sources.URLConfigurationSource ] : No URLs will be polled as dynamic configuration sources.
2019-12-14 15:37:07 [main] INFO  [com.netflix.config.sources.URLConfigurationSource ] : To enable URLs as dynamic configuration sources, define System property archaius.configurationSource.additionalUrls or make config.properties available on classpath.
2019-12-14 15:37:09 [main] INFO  [pring.web.plugins.DocumentationPluginsBootstrapper] : Context refreshed
2019-12-14 15:37:09 [main] INFO  [pring.web.plugins.DocumentationPluginsBootstrapper] : Found 1 custom documentation plugin(s)
2019-12-14 15:37:09 [main] INFO  [ion.spring.web.scanners.ApiListingReferenceScanner] : Scanning for api listing references
2019-12-14 15:37:09 [main] INFO  [eb.readers.operation.CachingOperationNameGenerator] : Generating unique operation named: loginUsingPOST_1
2019-12-14 15:37:09 [main] INFO  [k.amqp.rabbit.connection.AbstractConnectionFactory] : Attempting to connect to: [47.111.191.26:5672]
2019-12-14 15:37:10 [main] INFO  [k.amqp.rabbit.connection.AbstractConnectionFactory] : Created new connection: rabbitConnectionFactory#cfacf0:0/SimpleConnection@238c63df [delegate=amqp://root@47.111.191.26:5672/my_vhost, localPort= 64561]
2019-12-14 15:37:10 [main] INFO  [org.springframework.boot.StartupInfoLogger        ] : Started UserTest in 12.397 seconds (JVM running for 14.446)
2019-12-14 15:37:10 [Thread-5] INFO  [framework.cloud.netflix.eureka.InstanceInfoFactory] : Setting initial instance status as: STARTING
2019-12-14 15:37:10 [Thread-5] INFO  [tflix.eureka.serviceregistry.EurekaServiceRegistry] : Unregistering application TENSQUARE-USER with eureka with status DOWN
2019-12-14 15:37:10 [Thread-5] INFO  [mqp.rabbit.listener.SimpleMessageListenerContainer] : Waiting for workers to finish.
2019-12-14 15:37:11 [Thread-5] INFO  [mqp.rabbit.listener.SimpleMessageListenerContainer] : Successfully waited for workers to finish.
2019-12-14 15:37:11 [Thread-5] INFO  [p.rabbit.listener.AbstractMessageListenerContainer] : Shutdown ignored - container is not active already
2019-12-14 15:37:11 [Thread-5] INFO  [ringframework.jmx.support.MBeanRegistrationSupport] : Could not unregister MBean [com.github.tobato.fastdfs.conn:name=fdfsConnectionPool,type=FdfsConnectionPool] as said MBean is not registered (perhaps already unregistered by an external process)
